<?xml version="1.0" encoding="UTF-8"?>
<testsuite name="com.example.demo.LoanPrecheckApplicationTests" tests="1" skipped="0" failures="0" errors="0" timestamp="2026-04-12T23:23:56.113Z" hostname="SITOP" time="9.296">
  <properties/>
  <testcase name="contextLoads()" classname="com.example.demo.LoanPrecheckApplicationTests" time="2.081"/>
  <system-out><![CDATA[19:23:56.968 [Test worker] INFO org.springframework.test.context.support.AnnotationConfigContextLoaderUtils -- Could not detect default configuration classes for test class [com.example.demo.LoanPrecheckApplicationTests]: LoanPrecheckApplicationTests does not declare any static, non-private, non-final, nested classes annotated with @Configuration.
19:23:57.417 [Test worker] INFO org.springframework.boot.test.context.SpringBootTestContextBootstrapper -- Found @SpringBootConfiguration com.example.demo.LoanPrecheckApplication for test class com.example.demo.LoanPrecheckApplicationTests
19:23:57.817 [Test worker] INFO org.springframework.test.context.support.AnnotationConfigContextLoaderUtils -- Could not detect default configuration classes for test class [com.example.demo.LoanPrecheckApplicationTests]: LoanPrecheckApplicationTests does not declare any static, non-private, non-final, nested classes annotated with @Configuration.
19:23:57.833 [Test worker] INFO org.springframework.boot.test.context.SpringBootTestContextBootstrapper -- Found @SpringBootConfiguration com.example.demo.LoanPrecheckApplication for test class com.example.demo.LoanPrecheckApplicationTests

  .   ____          _            __ _ _
 /\\ / ___'_ __ _ _(_)_ __  __ _ \ \ \ \
( ( )\___ | '_ | '_| | '_ \/ _` | \ \ \ \
 \\/  ___)| |_)| | | | | || (_| |  ) ) ) )
  '  |____| .__|_| |_|_| |_\__, | / / / /
 =========|_|==============|___/=/_/_/_/

 :: Spring Boot ::                (v4.0.5)

2026-04-12T19:23:59.134-04:00  INFO 9948 --- [loan-precheck-backend] [    Test worker] c.e.demo.LoanPrecheckApplicationTests    : Starting LoanPrecheckApplicationTests using Java 17.0.14 with PID 9948 (started by siclo in C:\Documents\Portfolio\demo-applicant-precheck\loan-precheck-backend)
2026-04-12T19:23:59.138-04:00  INFO 9948 --- [loan-precheck-backend] [    Test worker] c.e.demo.LoanPrecheckApplicationTests    : No active profile set, falling back to 1 default profile: "default"
2026-04-12T19:24:03.173-04:00  INFO 9948 --- [loan-precheck-backend] [    Test worker] c.e.demo.LoanPrecheckApplicationTests    : Started LoanPrecheckApplicationTests in 5.091 seconds (process running for 10.953)
]]></system-out>
  <system-err><![CDATA[]]></system-err>
</testsuite>
